Using pre-set license
Built from '2022.2/release' branch; Version is '2022.2.2f1 (c93c5d3acf5b) revision 13188189'; Using compiler version '192829333'; Build Type 'Release'
OS: 'Windows 10  (10.0.19044) 64bit Core' Language: 'en' Physical Memory: 65470 MB
BatchMode: 1, IsHumanControllingUs: 0, StartBugReporterOnCrash: 0, Is64bit: 1, IsPro: 1

COMMAND LINE ARGUMENTS:
C:\Program Files\Unity\Hub\Editor\2022.2.2f1\Editor\Unity.exe
-adb2
-batchMode
-noUpm
-name
AssetImportWorker1
-projectPath
C:/Users/rosst/Documents/GitHub/UNDERDREAM/UNDERDREAM
-logFile
Logs/AssetImportWorker1.log
-srvPort
14766
Successfully changed project path to: C:/Users/rosst/Documents/GitHub/UNDERDREAM/UNDERDREAM
C:/Users/rosst/Documents/GitHub/UNDERDREAM/UNDERDREAM
[UnityMemory] Configuration Parameters - Can be set up in boot.config
    "memorysetup-bucket-allocator-granularity=16"
    "memorysetup-bucket-allocator-bucket-count=8"
    "memorysetup-bucket-allocator-block-size=33554432"
    "memorysetup-bucket-allocator-block-count=8"
    "memorysetup-main-allocator-block-size=16777216"
    "memorysetup-thread-allocator-block-size=16777216"
    "memorysetup-gfx-main-allocator-block-size=16777216"
    "memorysetup-gfx-thread-allocator-block-size=16777216"
    "memorysetup-cache-allocator-block-size=4194304"
    "memorysetup-typetree-allocator-block-size=2097152"
    "memorysetup-profiler-bucket-allocator-granularity=16"
    "memorysetup-profiler-bucket-allocator-bucket-count=8"
    "memorysetup-profiler-bucket-allocator-block-size=33554432"
    "memorysetup-profiler-bucket-allocator-block-count=8"
    "memorysetup-profiler-allocator-block-size=16777216"
    "memorysetup-profiler-editor-allocator-block-size=1048576"
    "memorysetup-temp-allocator-size-main=16777216"
    "memorysetup-job-temp-allocator-block-size=2097152"
    "memorysetup-job-temp-allocator-block-size-background=1048576"
    "memorysetup-job-temp-allocator-reduction-small-platforms=262144"
    "memorysetup-temp-allocator-size-background-worker=32768"
    "memorysetup-temp-allocator-size-job-worker=262144"
    "memorysetup-temp-allocator-size-preload-manager=33554432"
    "memorysetup-temp-allocator-size-nav-mesh-worker=65536"
    "memorysetup-temp-allocator-size-audio-worker=65536"
    "memorysetup-temp-allocator-size-cloud-worker=32768"
    "memorysetup-temp-allocator-size-gi-baking-worker=262144"
    "memorysetup-temp-allocator-size-gfx=262144"
Player connection [17568] Host "[IP] 192.168.1.3 [Port] 0 [Flags] 2 [Guid] 3030626892 [EditorId] 3030626892 [Version] 1048832 [Id] WindowsEditor(7,DESKTOP-2MKRQ21) [Debug] 1 [PackageName] WindowsEditor [ProjectName] Editor" joined multi-casting on [225.0.0.222:54997]...

Player connection [17568] Host "[IP] 192.168.1.3 [Port] 0 [Flags] 2 [Guid] 3030626892 [EditorId] 3030626892 [Version] 1048832 [Id] WindowsEditor(7,DESKTOP-2MKRQ21) [Debug] 1 [PackageName] WindowsEditor [ProjectName] Editor" joined alternative multi-casting on [225.0.0.222:34997]...

Refreshing native plugins compatible for Editor in 5.48 ms, found 2 plugins.
Preloading 0 native plugins for Editor in 0.00 ms.
Initialize engine version: 2022.2.2f1 (c93c5d3acf5b)
[Subsystems] Discovering subsystems at path C:/Program Files/Unity/Hub/Editor/2022.2.2f1/Editor/Data/Resources/UnitySubsystems
[Subsystems] Discovering subsystems at path C:/Users/rosst/Documents/GitHub/UNDERDREAM/UNDERDREAM/Assets
GfxDevice: creating device client; threaded=0; jobified=0
Direct3D:
    Version:  Direct3D 11.0 [level 11.1]
    Renderer: AMD Radeon RX 6900 XT (ID=0x73bf)
    Vendor:   ATI
    VRAM:     16338 MB
    Driver:   31.0.12027.7000
Initialize mono
Mono path[0] = 'C:/Program Files/Unity/Hub/Editor/2022.2.2f1/Editor/Data/Managed'
Mono path[1] = 'C:/Program Files/Unity/Hub/Editor/2022.2.2f1/Editor/Data/MonoBleedingEdge/lib/mono/unityjit-win32'
Mono config path = 'C:/Program Files/Unity/Hub/Editor/2022.2.2f1/Editor/Data/MonoBleedingEdge/etc'
Using monoOptions --debugger-agent=transport=dt_socket,embedding=1,server=y,suspend=n,address=127.0.0.1:56604
Begin MonoManager ReloadAssembly
Registering precompiled unity dll's ...
Register platform support module: C:/Program Files/Unity/Hub/Editor/2022.2.2f1/Editor/Data/PlaybackEngines/MacStandaloneSupport/UnityEditor.OSXStandalone.Extensions.dll
Register platform support module: C:/Program Files/Unity/Hub/Editor/2022.2.2f1/Editor/Data/PlaybackEngines/iOSSupport/UnityEditor.iOS.Extensions.dll
Register platform support module: C:/Program Files/Unity/Hub/Editor/2022.2.2f1/Editor/Data/PlaybackEngines/WindowsStandaloneSupport/UnityEditor.WindowsStandalone.Extensions.dll
Registered in 0.011710 seconds.
- Loaded All Assemblies, in  0.350 seconds
Native extension for WindowsStandalone target not found
[usbmuxd] Start listen thread
[usbmuxd] Listen thread started
[usbmuxd] Send listen message
[usbmuxd] Attached: 3 00008110-001834A81A30401E
Native extension for iOS target not found
Native extension for OSXStandalone target not found
Mono: successfully reloaded assembly
- Finished resetting the current domain, in  0.235 seconds
Domain Reload Profiling:
	ReloadAssembly (224ms)
		BeginReloadAssembly (63ms)
			ExecutionOrderSort (0ms)
			DisableScriptedObjects (0ms)
			BackupInstance (0ms)
			ReleaseScriptingObjects (0ms)
			CreateAndSetChildDomain (1ms)
		LoadAllAssembliesAndSetupDomain (0ms)
			LoadAssemblies (62ms)
			RebuildTransferFunctionScriptingTraits (0ms)
			SetupTypeCache (118ms)
				TypeCache.Initialize (117ms)
					TypeCache.ScanAssembly (116ms)
				ResolveRequiredComponents (0ms)
		FinalizeReload (0ms)
			ReleaseScriptCaches (0ms)
			RebuildScriptCaches (0ms)
			SetupLoadedEditorAssemblies (186ms)
				LogAssemblyErrors (0ms)
				InitializePlatformSupportModulesInManaged (27ms)
				SetLoadedEditorAssemblies (4ms)
				RefreshPlugins (0ms)
				BeforeProcessingInitializeOnLoad (1ms)
				ProcessInitializeOnLoadAttributes (112ms)
				ProcessInitializeOnLoadMethodAttributes (42ms)
				AfterProcessingInitializeOnLoad (0ms)
				EditorAssembliesLoaded (0ms)
			ExecutionOrderSort2 (0ms)
			AwakeInstancesAfterBackupRestoration (0ms)
========================================================================
Worker process is ready to serve import requests
Begin MonoManager ReloadAssembly
- Loaded All Assemblies, in  0.451 seconds
Refreshing native plugins compatible for Editor in 2.06 ms, found 2 plugins.
Native extension for WindowsStandalone target not found
Native extension for iOS target not found
Native extension for OSXStandalone target not found
Mono: successfully reloaded assembly
- Finished resetting the current domain, in  0.457 seconds
Domain Reload Profiling:
	ReloadAssembly (176ms)
		BeginReloadAssembly (97ms)
			ExecutionOrderSort (0ms)
			DisableScriptedObjects (5ms)
			BackupInstance (0ms)
			ReleaseScriptingObjects (0ms)
			CreateAndSetChildDomain (17ms)
		LoadAllAssembliesAndSetupDomain (272ms)
			LoadAssemblies (61ms)
			RebuildTransferFunctionScriptingTraits (0ms)
			SetupTypeCache (251ms)
				TypeCache.Initialize (181ms)
					TypeCache.ScanAssembly (178ms)
				ResolveRequiredComponents (3ms)
		FinalizeReload (0ms)
			ReleaseScriptCaches (0ms)
			RebuildScriptCaches (0ms)
			SetupLoadedEditorAssemblies (340ms)
				LogAssemblyErrors (0ms)
				InitializePlatformSupportModulesInManaged (23ms)
				SetLoadedEditorAssemblies (5ms)
				RefreshPlugins (0ms)
				BeforeProcessingInitializeOnLoad (45ms)
				ProcessInitializeOnLoadAttributes (236ms)
				ProcessInitializeOnLoadMethodAttributes (25ms)
				AfterProcessingInitializeOnLoad (7ms)
				EditorAssembliesLoaded (0ms)
			ExecutionOrderSort2 (0ms)
			AwakeInstancesAfterBackupRestoration (5ms)
Launched and connected shader compiler UnityShaderCompiler.exe after 0.03 seconds
Refreshing native plugins compatible for Editor in 3.37 ms, found 2 plugins.
Preloading 0 native plugins for Editor in 0.00 ms.
Unloading 2294 Unused Serialized files (Serialized files now loaded: 0)
Unloading 27 unused Assets / (65.5 KB). Loaded Objects now: 2766.
Memory consumption went from 370.2 MB to 370.1 MB.
Total: 2.931300 ms (FindLiveObjects: 0.230300 ms CreateObjectMapping: 0.193000 ms MarkObjects: 2.425400 ms  DeleteObjects: 0.081500 ms)

AssetImportParameters requested are different than current active one (requested -> active):
  custom:video-decoder-webm-vp8: 9c59270c3fd7afecdb556c50c9e8de78 -> 
  custom:container-demuxer-ogg: 62fdf1f143b41e24485cea50d1cbac27 -> 
  custom:AudioImporter_EditorPlatform: d09bf68614088b80899f8185d706f6e7 -> 
  custom:video-decoder-ogg-theora: a1e56fd34408186e4bbccfd4996cb3dc -> 
  custom:framework-win-MediaFoundation: 216162199b28c13a410421893ffa2e32 -> 
  custom:video-encoder-webm-vp8: eb34c28f22e8b96e1ab97ce403110664 -> 
  custom:audio-decoder-ogg-vorbis: bf7c407c2cedff20999df2af8eb42d56 -> 
  custom:container-demuxer-webm: 4f35f7cbe854078d1ac9338744f61a02 -> 
  custom:audio-encoder-webm-vorbis: bf7c407c2cedff20999df2af8eb42d56 -> 
  custom:container-muxer-webm: aa71ff27fc2769a1b78a27578f13a17b -> 
========================================================================
Received Prepare
Begin MonoManager ReloadAssembly
- Loaded All Assemblies, in  0.576 seconds
Refreshing native plugins compatible for Editor in 2.04 ms, found 2 plugins.
Native extension for WindowsStandalone target not found
Native extension for iOS target not found
Native extension for OSXStandalone target not found
Mono: successfully reloaded assembly
- Finished resetting the current domain, in  0.705 seconds
Domain Reload Profiling:
	ReloadAssembly (310ms)
		BeginReloadAssembly (247ms)
			ExecutionOrderSort (0ms)
			DisableScriptedObjects (6ms)
			BackupInstance (0ms)
			ReleaseScriptingObjects (0ms)
			CreateAndSetChildDomain (30ms)
		LoadAllAssembliesAndSetupDomain (264ms)
			LoadAssemblies (62ms)
			RebuildTransferFunctionScriptingTraits (0ms)
			SetupTypeCache (242ms)
				TypeCache.Initialize (173ms)
					TypeCache.ScanAssembly (169ms)
				ResolveRequiredComponents (3ms)
		FinalizeReload (0ms)
			ReleaseScriptCaches (0ms)
			RebuildScriptCaches (0ms)
			SetupLoadedEditorAssemblies (423ms)
				LogAssemblyErrors (0ms)
				InitializePlatformSupportModulesInManaged (38ms)
				SetLoadedEditorAssemblies (7ms)
				RefreshPlugins (0ms)
				BeforeProcessingInitializeOnLoad (59ms)
				ProcessInitializeOnLoadAttributes (277ms)
				ProcessInitializeOnLoadMethodAttributes (34ms)
				AfterProcessingInitializeOnLoad (9ms)
				EditorAssembliesLoaded (0ms)
			ExecutionOrderSort2 (0ms)
			AwakeInstancesAfterBackupRestoration (7ms)
Refreshing native plugins compatible for Editor in 2.02 ms, found 2 plugins.
Preloading 0 native plugins for Editor in 0.00 ms.
Unloading 2277 Unused Serialized files (Serialized files now loaded: 0)
Unloading 17 unused Assets / (39.7 KB). Loaded Objects now: 2769.
Memory consumption went from 366.6 MB to 366.6 MB.
Total: 2.981400 ms (FindLiveObjects: 0.215700 ms CreateObjectMapping: 0.149900 ms MarkObjects: 2.574500 ms  DeleteObjects: 0.040700 ms)

AssetImportParameters requested are different than current active one (requested -> active):
  custom:video-decoder-webm-vp8: 9c59270c3fd7afecdb556c50c9e8de78 -> 
  custom:container-demuxer-ogg: 62fdf1f143b41e24485cea50d1cbac27 -> 
  custom:AudioImporter_EditorPlatform: d09bf68614088b80899f8185d706f6e7 -> 
  custom:video-decoder-ogg-theora: a1e56fd34408186e4bbccfd4996cb3dc -> 
  custom:framework-win-MediaFoundation: 216162199b28c13a410421893ffa2e32 -> 
  custom:video-encoder-webm-vp8: eb34c28f22e8b96e1ab97ce403110664 -> 
  custom:audio-decoder-ogg-vorbis: bf7c407c2cedff20999df2af8eb42d56 -> 
  custom:container-demuxer-webm: 4f35f7cbe854078d1ac9338744f61a02 -> 
  custom:audio-encoder-webm-vorbis: bf7c407c2cedff20999df2af8eb42d56 -> 
  custom:container-muxer-webm: aa71ff27fc2769a1b78a27578f13a17b -> 
========================================================================
Received Import Request.
  Time since last request: 588563.425412 seconds.
  path: Assets/_MATERIALS/Yellow.mat
  artifactKey: Guid(43709955e22d1d147826a323a553b441) Importer(815301076,1909f56bfc062723c751e8b465ee728b)
Number of updated assets reloaded before import = 0
Start importing Assets/_MATERIALS/Yellow.mat using Guid(43709955e22d1d147826a323a553b441) Importer(815301076,1909f56bfc062723c751e8b465ee728b)  -> (artifact id: 'ff0fcd95d2aedd8d6e09062cf3fd2246') in 0.301979 seconds 
Number of asset objects unloaded after import = 1
========================================================================
Received Import Request.
  Time since last request: 4.043358 seconds.
  path: Assets/TextMesh Pro/Resources/Fonts & Materials/LiberationSans SDF - Fallback.asset
  artifactKey: Guid(2e498d1c8094910479dc3e1b768306a4) Importer(815301076,1909f56bfc062723c751e8b465ee728b)
Number of updated assets reloaded before import = 0
Start importing Assets/TextMesh Pro/Resources/Fonts & Materials/LiberationSans SDF - Fallback.asset using Guid(2e498d1c8094910479dc3e1b768306a4) Importer(815301076,1909f56bfc062723c751e8b465ee728b)  -> (artifact id: '2cf75ef328a5afa2c993dadb93752841') in 0.061211 seconds 
Number of asset objects unloaded after import = 6
========================================================================
Received Import Request.
  Time since last request: 0.000017 seconds.
  path: Assets/_MATERIALS/Green.mat
  artifactKey: Guid(7413d8970153ecd4c91dc6d8370008bd) Importer(815301076,1909f56bfc062723c751e8b465ee728b)
Number of updated assets reloaded before import = 0
Start importing Assets/_MATERIALS/Green.mat using Guid(7413d8970153ecd4c91dc6d8370008bd) Importer(815301076,1909f56bfc062723c751e8b465ee728b)  -> (artifact id: 'c7d22bb8088ee0982bbb1af41d830295') in 0.010397 seconds 
Number of asset objects unloaded after import = 1
========================================================================
Received Import Request.
  Time since last request: 0.000016 seconds.
  path: Assets/_MATERIALS/Darkness.mat
  artifactKey: Guid(874ae57de8f83f3498f030b7d037aafb) Importer(815301076,1909f56bfc062723c751e8b465ee728b)
Number of updated assets reloaded before import = 0
Start importing Assets/_MATERIALS/Darkness.mat using Guid(874ae57de8f83f3498f030b7d037aafb) Importer(815301076,1909f56bfc062723c751e8b465ee728b)  -> (artifact id: '7e33c595512317aa13f58801f56fccf9') in 0.010438 seconds 
Number of asset objects unloaded after import = 1
========================================================================
Received Import Request.
  Time since last request: 0.000025 seconds.
  path: Assets/TextMesh Pro/Resources/Fonts & Materials/LiberationSans SDF - Drop Shadow.mat
  artifactKey: Guid(e73a58f6e2794ae7b1b7e50b7fb811b0) Importer(815301076,1909f56bfc062723c751e8b465ee728b)
Number of updated assets reloaded before import = 0
Start importing Assets/TextMesh Pro/Resources/Fonts & Materials/LiberationSans SDF - Drop Shadow.mat using Guid(e73a58f6e2794ae7b1b7e50b7fb811b0) Importer(815301076,1909f56bfc062723c751e8b465ee728b)  -> (artifact id: '12cc3860394e68b2ff6891fd95dac028') in 0.087346 seconds 
Number of asset objects unloaded after import = 2
========================================================================
Received Import Request.
  Time since last request: 12.013013 seconds.
  path: Assets/_SPRITES/m04/alb/alb-d2_0002_Frame-1.png
  artifactKey: Guid(a8130b053f7e2b14d8d0e089abc1a6ac) Importer(815301076,1909f56bfc062723c751e8b465ee728b)
Number of updated assets reloaded before import = 0
Start importing Assets/_SPRITES/m04/alb/alb-d2_0002_Frame-1.png using Guid(a8130b053f7e2b14d8d0e089abc1a6ac) Importer(815301076,1909f56bfc062723c751e8b465ee728b)  -> (artifact id: 'd479fc30a12084929279f4e5ae150472') in 0.036361 seconds 
Number of asset objects unloaded after import = 3
========================================================================
Received Import Request.
  Time since last request: 0.000018 seconds.
  path: Assets/_SPRITES/m13/bwahshot-d7_0007_Frame-23.png
  artifactKey: Guid(660539d8b1e723946b3e00671fe9cf4f) Importer(815301076,1909f56bfc062723c751e8b465ee728b)
Number of updated assets reloaded before import = 0
Start importing Assets/_SPRITES/m13/bwahshot-d7_0007_Frame-23.png using Guid(660539d8b1e723946b3e00671fe9cf4f) Importer(815301076,1909f56bfc062723c751e8b465ee728b)  -> (artifact id: 'f3d1c7382128c0b1609ab41ad8a88327') in 0.016806 seconds 
Number of asset objects unloaded after import = 3
========================================================================
Received Import Request.
  Time since last request: 0.000026 seconds.
  path: Assets/_SPRITES/m04/clench/arm-d4_0003_Frame-36.png
  artifactKey: Guid(885c860ab05f9b14892cf1d82d40779a) Importer(815301076,1909f56bfc062723c751e8b465ee728b)
Number of updated assets reloaded before import = 0
Start importing Assets/_SPRITES/m04/clench/arm-d4_0003_Frame-36.png using Guid(885c860ab05f9b14892cf1d82d40779a) Importer(815301076,1909f56bfc062723c751e8b465ee728b)  -> (artifact id: '7eb091acbedc96eaa765b000ba1fcdb6') in 0.012953 seconds 
Number of asset objects unloaded after import = 3
========================================================================
Received Import Request.
  Time since last request: 0.000020 seconds.
  path: Assets/_SPRITES/m07/bw_0000_Frame-4.png
  artifactKey: Guid(1b559d2559d507c4d89b6a7258aaf1f6) Importer(815301076,1909f56bfc062723c751e8b465ee728b)
Number of updated assets reloaded before import = 0
Start importing Assets/_SPRITES/m07/bw_0000_Frame-4.png using Guid(1b559d2559d507c4d89b6a7258aaf1f6) Importer(815301076,1909f56bfc062723c751e8b465ee728b)  -> (artifact id: '86efd83599f09454c9e5d5a27e59ed8f') in 0.010795 seconds 
Number of asset objects unloaded after import = 3
========================================================================
Received Import Request.
  Time since last request: 0.000015 seconds.
  path: Assets/_SPRITES/m04/clench/arm-d4_0014_Frame-25.png
  artifactKey: Guid(9d28e074cd0e57e47abf786623f4b8e4) Importer(815301076,1909f56bfc062723c751e8b465ee728b)
Number of updated assets reloaded before import = 0
Start importing Assets/_SPRITES/m04/clench/arm-d4_0014_Frame-25.png using Guid(9d28e074cd0e57e47abf786623f4b8e4) Importer(815301076,1909f56bfc062723c751e8b465ee728b)  -> (artifact id: '96698bcbcc4138e50d77da230c07e7f2') in 0.012764 seconds 
Number of asset objects unloaded after import = 3
========================================================================
Received Import Request.
  Time since last request: 0.000020 seconds.
  path: Assets/_SPRITES/m04/clench/arm-d4_0001_Frame-38.png
  artifactKey: Guid(e6675823b558e0a42bcfcb6a9d75ecad) Importer(815301076,1909f56bfc062723c751e8b465ee728b)
Number of updated assets reloaded before import = 0
Start importing Assets/_SPRITES/m04/clench/arm-d4_0001_Frame-38.png using Guid(e6675823b558e0a42bcfcb6a9d75ecad) Importer(815301076,1909f56bfc062723c751e8b465ee728b)  -> (artifact id: 'e0b9f4d484a2a830e67805a0682d97f5') in 0.012942 seconds 
Number of asset objects unloaded after import = 3
========================================================================
Received Import Request.
  Time since last request: 0.000017 seconds.
  path: Assets/_SPRITES/m04/clench/arm-d4_0010_Frame-29.png
  artifactKey: Guid(35ee99433860c0f4e8d7ecd1202ca7a9) Importer(815301076,1909f56bfc062723c751e8b465ee728b)
Number of updated assets reloaded before import = 0
Start importing Assets/_SPRITES/m04/clench/arm-d4_0010_Frame-29.png using Guid(35ee99433860c0f4e8d7ecd1202ca7a9) Importer(815301076,1909f56bfc062723c751e8b465ee728b)  -> (artifact id: '99b8ce1fc5dd97ad27cdf97f84687cc4') in 0.015592 seconds 
Number of asset objects unloaded after import = 3
========================================================================
Received Import Request.
  Time since last request: 0.000016 seconds.
  path: Assets/_SPRITES/m04/clench/arm-d4_0023_Frame-16.png
  artifactKey: Guid(cfdc5591820bc3041b1765583e77a4c2) Importer(815301076,1909f56bfc062723c751e8b465ee728b)
Number of updated assets reloaded before import = 0
Start importing Assets/_SPRITES/m04/clench/arm-d4_0023_Frame-16.png using Guid(cfdc5591820bc3041b1765583e77a4c2) Importer(815301076,1909f56bfc062723c751e8b465ee728b)  -> (artifact id: '22b72dafaa5daeb793076284fa5cb1cf') in 0.014146 seconds 
Number of asset objects unloaded after import = 3
========================================================================
Received Import Request.
  Time since last request: 0.000017 seconds.
  path: Assets/_SPRITES/m13/bwahshot-d7_0001_Frame-29.png
  artifactKey: Guid(67f11528fce75d84299086ac6b167757) Importer(815301076,1909f56bfc062723c751e8b465ee728b)
Number of updated assets reloaded before import = 0
Start importing Assets/_SPRITES/m13/bwahshot-d7_0001_Frame-29.png using Guid(67f11528fce75d84299086ac6b167757) Importer(815301076,1909f56bfc062723c751e8b465ee728b)  -> (artifact id: 'ea342d5417b01f053364e5fe7005b93e') in 0.016092 seconds 
Number of asset objects unloaded after import = 3
========================================================================
Received Import Request.
  Time since last request: 0.000020 seconds.
  path: Assets/_SPRITES/m04/clench/arm-d4_0020_Frame-19.png
  artifactKey: Guid(f0021bf271b231e4c9cdaf05af8ef6d5) Importer(815301076,1909f56bfc062723c751e8b465ee728b)
Number of updated assets reloaded before import = 0
Start importing Assets/_SPRITES/m04/clench/arm-d4_0020_Frame-19.png using Guid(f0021bf271b231e4c9cdaf05af8ef6d5) Importer(815301076,1909f56bfc062723c751e8b465ee728b)  -> (artifact id: '0c586396c0e7b7300d23fd296770eb33') in 0.014265 seconds 
Number of asset objects unloaded after import = 3
========================================================================
Received Import Request.
  Time since last request: 0.000014 seconds.
  path: Assets/_SPRITES/m13/bwahshot-d7_0000_Frame-30.png
  artifactKey: Guid(c9a50acff7594c94d88ba8828fc2797b) Importer(815301076,1909f56bfc062723c751e8b465ee728b)
Number of updated assets reloaded before import = 0
Start importing Assets/_SPRITES/m13/bwahshot-d7_0000_Frame-30.png using Guid(c9a50acff7594c94d88ba8828fc2797b) Importer(815301076,1909f56bfc062723c751e8b465ee728b)  -> (artifact id: '52988faf4728e0b33fd13cf649a285a1') in 0.016947 seconds 
Number of asset objects unloaded after import = 3
========================================================================
Received Import Request.
  Time since last request: 0.000016 seconds.
  path: Assets/_SPRITES/m04/clench/arm-d4_0005_Frame-34.png
  artifactKey: Guid(2a65c7d4def7d0244b66075e8dd5b2bd) Importer(815301076,1909f56bfc062723c751e8b465ee728b)
Number of updated assets reloaded before import = 0
Start importing Assets/_SPRITES/m04/clench/arm-d4_0005_Frame-34.png using Guid(2a65c7d4def7d0244b66075e8dd5b2bd) Importer(815301076,1909f56bfc062723c751e8b465ee728b)  -> (artifact id: '1e4937a28cc3a85206b0ada46a53b060') in 0.014704 seconds 
Number of asset objects unloaded after import = 3
========================================================================
Received Import Request.
  Time since last request: 0.000016 seconds.
  path: Assets/_SPRITES/m04/clench/arm-d4_0016_Frame-23.png
  artifactKey: Guid(34f369b304a29d8469db6d303dc01757) Importer(815301076,1909f56bfc062723c751e8b465ee728b)
Number of updated assets reloaded before import = 0
Start importing Assets/_SPRITES/m04/clench/arm-d4_0016_Frame-23.png using Guid(34f369b304a29d8469db6d303dc01757) Importer(815301076,1909f56bfc062723c751e8b465ee728b)  -> (artifact id: '3e6b55c307d59b71ab889687037f631d') in 0.014745 seconds 
Number of asset objects unloaded after import = 3
========================================================================
Received Import Request.
  Time since last request: 0.000015 seconds.
  path: Assets/_SPRITES/m04/clench/arm-d4_0002_Frame-37.png
  artifactKey: Guid(28b96b55192d16d4d9e09f362f240a90) Importer(815301076,1909f56bfc062723c751e8b465ee728b)
Number of updated assets reloaded before import = 0
Start importing Assets/_SPRITES/m04/clench/arm-d4_0002_Frame-37.png using Guid(28b96b55192d16d4d9e09f362f240a90) Importer(815301076,1909f56bfc062723c751e8b465ee728b)  -> (artifact id: '50061d1fa812c47ce54642296e681c15') in 0.014468 seconds 
Number of asset objects unloaded after import = 3
========================================================================
Received Prepare
Begin MonoManager ReloadAssembly
- Loaded All Assemblies, in  0.697 seconds
Refreshing native plugins compatible for Editor in 2.76 ms, found 2 plugins.
Native extension for WindowsStandalone target not found
Native extension for iOS target not found
Native extension for OSXStandalone target not found
Mono: successfully reloaded assembly
- Finished resetting the current domain, in  0.800 seconds
Domain Reload Profiling:
	ReloadAssembly (335ms)
		BeginReloadAssembly (258ms)
			ExecutionOrderSort (0ms)
			DisableScriptedObjects (5ms)
			BackupInstance (0ms)
			ReleaseScriptingObjects (0ms)
			CreateAndSetChildDomain (31ms)
		LoadAllAssembliesAndSetupDomain (360ms)
			LoadAssemblies (72ms)
			RebuildTransferFunctionScriptingTraits (0ms)
			SetupTypeCache (335ms)
				TypeCache.Initialize (239ms)
					TypeCache.ScanAssembly (233ms)
				ResolveRequiredComponents (4ms)
		FinalizeReload (0ms)
			ReleaseScriptCaches (0ms)
			RebuildScriptCaches (0ms)
			SetupLoadedEditorAssemblies (443ms)
				LogAssemblyErrors (0ms)
				InitializePlatformSupportModulesInManaged (36ms)
				SetLoadedEditorAssemblies (7ms)
				RefreshPlugins (0ms)
				BeforeProcessingInitializeOnLoad (62ms)
				ProcessInitializeOnLoadAttributes (294ms)
				ProcessInitializeOnLoadMethodAttributes (34ms)
				AfterProcessingInitializeOnLoad (10ms)
				EditorAssembliesLoaded (0ms)
			ExecutionOrderSort2 (0ms)
			AwakeInstancesAfterBackupRestoration (6ms)
Refreshing native plugins compatible for Editor in 2.77 ms, found 2 plugins.
Preloading 0 native plugins for Editor in 0.00 ms.
Unloading 2277 Unused Serialized files (Serialized files now loaded: 0)
Unloading 17 unused Assets / (39.7 KB). Loaded Objects now: 2825.
Memory consumption went from 371.1 MB to 371.1 MB.
Total: 3.043100 ms (FindLiveObjects: 0.248200 ms CreateObjectMapping: 0.255100 ms MarkObjects: 2.508000 ms  DeleteObjects: 0.030500 ms)

AssetImportParameters requested are different than current active one (requested -> active):
  custom:video-decoder-webm-vp8: 9c59270c3fd7afecdb556c50c9e8de78 -> 
  custom:container-demuxer-ogg: 62fdf1f143b41e24485cea50d1cbac27 -> 
  custom:AudioImporter_EditorPlatform: d09bf68614088b80899f8185d706f6e7 -> 
  custom:video-decoder-ogg-theora: a1e56fd34408186e4bbccfd4996cb3dc -> 
  custom:framework-win-MediaFoundation: 216162199b28c13a410421893ffa2e32 -> 
  custom:video-encoder-webm-vp8: eb34c28f22e8b96e1ab97ce403110664 -> 
  custom:audio-decoder-ogg-vorbis: bf7c407c2cedff20999df2af8eb42d56 -> 
  custom:container-demuxer-webm: 4f35f7cbe854078d1ac9338744f61a02 -> 
  custom:audio-encoder-webm-vorbis: bf7c407c2cedff20999df2af8eb42d56 -> 
  custom:container-muxer-webm: aa71ff27fc2769a1b78a27578f13a17b -> 
Editor requested this worker to shutdown with reason: Scaling down because of idle timeout
TcpMessagingSession - receive error: operation aborted. errorcode: 995, details: The I/O operation has been aborted because of either a thread exit or an application request.
AssetImportWorker is now disconnected from the server
Process exiting
Exiting without the bug reporter. Application will terminate with return code 0